#! /usr/bin/vvp
:ivl_version "10.3 (stable)";
:ivl_delay_selection "TYPICAL";
:vpi_time_precision + 0;
:vpi_module "system";
:vpi_module "vhdl_sys";
:vpi_module "v2005_math";
:vpi_module "va_math";
S_0x5615de3950d0 .scope module, "shift_reg" "shift_reg" 2 1;
 .timescale 0 0;
    .port_info 0 /INPUT 1 "d"
    .port_info 1 /INPUT 1 "clk"
    .port_info 2 /INPUT 1 "en"
    .port_info 3 /INPUT 1 "rstn"
    .port_info 4 /OUTPUT 5 "out"
P_0x5615de395250 .param/l "MSB" 0 2 1, +C4<00000000000000000000000000000101>;
o0x7f3cbc53c018 .functor BUFZ 1, C4<z>; HiZ drive
v0x5615de3a78d0_0 .net "clk", 0 0, o0x7f3cbc53c018;  0 drivers
o0x7f3cbc53c048 .functor BUFZ 1, C4<z>; HiZ drive
v0x5615de3d90b0_0 .net "d", 0 0, o0x7f3cbc53c048;  0 drivers
o0x7f3cbc53c078 .functor BUFZ 1, C4<z>; HiZ drive
v0x5615de3d9170_0 .net "en", 0 0, o0x7f3cbc53c078;  0 drivers
v0x5615de3d9240_0 .var "out", 4 0;
o0x7f3cbc53c0d8 .functor BUFZ 1, C4<z>; HiZ drive
v0x5615de3d9320_0 .net "rstn", 0 0, o0x7f3cbc53c0d8;  0 drivers
E_0x5615de394830 .event posedge, v0x5615de3a78d0_0;
    .scope S_0x5615de3950d0;
T_0 ;
    %wait E_0x5615de394830;
    %load/vec4 v0x5615de3d9320_0;
    %nor/r;
    %flag_set/vec4 8;
    %jmp/0xz  T_0.0, 8;
    %pushi/vec4 0, 0, 5;
    %assign/vec4 v0x5615de3d9240_0, 0;
    %jmp T_0.1;
T_0.0 ;
    %load/vec4 v0x5615de3d9170_0;
    %nor/r;
    %flag_set/vec4 8;
    %jmp/0xz  T_0.2, 8;
    %load/vec4 v0x5615de3d9240_0;
    %assign/vec4 v0x5615de3d9240_0, 0;
    %jmp T_0.3;
T_0.2 ;
    %load/vec4 v0x5615de3d90b0_0;
    %load/vec4 v0x5615de3d9240_0;
    %parti/s 4, 1, 2;
    %concat/vec4; draw_concat_vec4
    %assign/vec4 v0x5615de3d9240_0, 0;
T_0.3 ;
T_0.1 ;
    %jmp T_0;
    .thread T_0;
# The file index is used to find the file name in the following table.
:file_names 3;
    "N/A";
    "<interactive>";
    "shift_reg.v";
